{"/Users/cfir/git/personal/minecraft-bot/index.js": {"path":"/Users/cfir/git/personal/minecraft-bot/index.js","statementMap":{"0":{"start":{"line":1,"column":19},"end":{"line":1,"column":40}},"1":{"start":{"line":2,"column":17},"end":{"line":2,"column":32}},"2":{"start":{"line":3,"column":19},"end":{"line":3,"column":51}},"3":{"start":{"line":4,"column":21},"end":{"line":4,"column":37}},"4":{"start":{"line":7,"column":15},"end":{"line":12,"column":1}},"5":{"start":{"line":15,"column":12},"end":{"line":15,"column":40}},"6":{"start":{"line":18,"column":0},"end":{"line":18,"column":38}},"7":{"start":{"line":21,"column":0},"end":{"line":28,"column":3}},"8":{"start":{"line":22,"column":2},"end":{"line":22,"column":43}},"9":{"start":{"line":23,"column":2},"end":{"line":23,"column":73}},"10":{"start":{"line":26,"column":17},"end":{"line":26,"column":55}},"11":{"start":{"line":27,"column":2},"end":{"line":27,"column":69}},"12":{"start":{"line":30,"column":0},"end":{"line":52,"column":3}},"13":{"start":{"line":32,"column":2},"end":{"line":32,"column":40}},"14":{"start":{"line":32,"column":33},"end":{"line":32,"column":40}},"15":{"start":{"line":34,"column":2},"end":{"line":34,"column":41}},"16":{"start":{"line":37,"column":2},"end":{"line":51,"column":3}},"17":{"start":{"line":38,"column":17},"end":{"line":38,"column":51}},"18":{"start":{"line":39,"column":20},"end":{"line":39,"column":46}},"19":{"start":{"line":41,"column":4},"end":{"line":41,"column":43}},"20":{"start":{"line":42,"column":9},"end":{"line":51,"column":3}},"21":{"start":{"line":44,"column":24},"end":{"line":44,"column":73}},"22":{"start":{"line":45,"column":4},"end":{"line":50,"column":5}},"23":{"start":{"line":46,"column":19},"end":{"line":46,"column":41}},"24":{"start":{"line":47,"column":22},"end":{"line":47,"column":48}},"25":{"start":{"line":49,"column":6},"end":{"line":49,"column":45}},"26":{"start":{"line":54,"column":0},"end":{"line":56,"column":3}},"27":{"start":{"line":55,"column":2},"end":{"line":55,"column":43}},"28":{"start":{"line":58,"column":0},"end":{"line":60,"column":3}},"29":{"start":{"line":59,"column":2},"end":{"line":59,"column":52}},"30":{"start":{"line":63,"column":0},"end":{"line":67,"column":3}},"31":{"start":{"line":64,"column":2},"end":{"line":66,"column":3}},"32":{"start":{"line":65,"column":4},"end":{"line":65,"column":37}},"33":{"start":{"line":71,"column":2},"end":{"line":291,"column":3}},"34":{"start":{"line":73,"column":6},"end":{"line":73,"column":38}},"35":{"start":{"line":74,"column":6},"end":{"line":74,"column":49}},"36":{"start":{"line":75,"column":6},"end":{"line":75,"column":51}},"37":{"start":{"line":76,"column":6},"end":{"line":76,"column":52}},"38":{"start":{"line":77,"column":6},"end":{"line":77,"column":41}},"39":{"start":{"line":78,"column":6},"end":{"line":78,"column":44}},"40":{"start":{"line":79,"column":6},"end":{"line":79,"column":47}},"41":{"start":{"line":80,"column":6},"end":{"line":80,"column":50}},"42":{"start":{"line":81,"column":6},"end":{"line":81,"column":63}},"43":{"start":{"line":82,"column":6},"end":{"line":82,"column":68}},"44":{"start":{"line":83,"column":6},"end":{"line":83,"column":62}},"45":{"start":{"line":84,"column":6},"end":{"line":84,"column":50}},"46":{"start":{"line":85,"column":6},"end":{"line":85,"column":12}},"47":{"start":{"line":88,"column":21},"end":{"line":88,"column":42}},"48":{"start":{"line":89,"column":6},"end":{"line":92,"column":7}},"49":{"start":{"line":90,"column":8},"end":{"line":90,"column":85}},"50":{"start":{"line":91,"column":8},"end":{"line":91,"column":15}},"51":{"start":{"line":94,"column":29},"end":{"line":94,"column":51}},"52":{"start":{"line":95,"column":6},"end":{"line":95,"column":46}},"53":{"start":{"line":98,"column":6},"end":{"line":98,"column":100}},"54":{"start":{"line":101,"column":6},"end":{"line":107,"column":16}},"55":{"start":{"line":102,"column":27},"end":{"line":102,"column":46}},"56":{"start":{"line":103,"column":33},"end":{"line":103,"column":70}},"57":{"start":{"line":104,"column":8},"end":{"line":106,"column":9}},"58":{"start":{"line":105,"column":10},"end":{"line":105,"column":104}},"59":{"start":{"line":108,"column":6},"end":{"line":108,"column":12}},"60":{"start":{"line":111,"column":27},"end":{"line":111,"column":48}},"61":{"start":{"line":112,"column":6},"end":{"line":115,"column":7}},"62":{"start":{"line":113,"column":8},"end":{"line":113,"column":50}},"63":{"start":{"line":114,"column":8},"end":{"line":114,"column":15}},"64":{"start":{"line":117,"column":6},"end":{"line":117,"column":50}},"65":{"start":{"line":120,"column":6},"end":{"line":130,"column":15}},"66":{"start":{"line":121,"column":23},"end":{"line":121,"column":44}},"67":{"start":{"line":122,"column":8},"end":{"line":126,"column":9}},"68":{"start":{"line":123,"column":10},"end":{"line":123,"column":56}},"69":{"start":{"line":124,"column":10},"end":{"line":124,"column":44}},"70":{"start":{"line":125,"column":10},"end":{"line":125,"column":17}},"71":{"start":{"line":128,"column":20},"end":{"line":128,"column":42}},"72":{"start":{"line":129,"column":8},"end":{"line":129,"column":69}},"73":{"start":{"line":131,"column":6},"end":{"line":131,"column":12}},"74":{"start":{"line":134,"column":6},"end":{"line":140,"column":7}},"75":{"start":{"line":135,"column":8},"end":{"line":135,"column":42}},"76":{"start":{"line":136,"column":8},"end":{"line":136,"column":34}},"77":{"start":{"line":137,"column":8},"end":{"line":137,"column":41}},"78":{"start":{"line":139,"column":8},"end":{"line":139,"column":48}},"79":{"start":{"line":141,"column":6},"end":{"line":141,"column":12}},"80":{"start":{"line":144,"column":6},"end":{"line":144,"column":40}},"81":{"start":{"line":145,"column":6},"end":{"line":147,"column":14}},"82":{"start":{"line":146,"column":8},"end":{"line":146,"column":43}},"83":{"start":{"line":148,"column":6},"end":{"line":148,"column":12}},"84":{"start":{"line":152,"column":25},"end":{"line":152,"column":74}},"85":{"start":{"line":153,"column":6},"end":{"line":168,"column":7}},"86":{"start":{"line":154,"column":8},"end":{"line":154,"column":50}},"87":{"start":{"line":155,"column":8},"end":{"line":165,"column":9}},"88":{"start":{"line":156,"column":10},"end":{"line":162,"column":15}},"89":{"start":{"line":158,"column":14},"end":{"line":158,"column":44}},"90":{"start":{"line":161,"column":14},"end":{"line":161,"column":55}},"91":{"start":{"line":164,"column":10},"end":{"line":164,"column":60}},"92":{"start":{"line":167,"column":8},"end":{"line":167,"column":55}},"93":{"start":{"line":169,"column":6},"end":{"line":169,"column":12}},"94":{"start":{"line":172,"column":6},"end":{"line":172,"column":50}},"95":{"start":{"line":173,"column":26},"end":{"line":177,"column":7}},"96":{"start":{"line":174,"column":8},"end":{"line":176,"column":60}},"97":{"start":{"line":179,"column":6},"end":{"line":185,"column":7}},"98":{"start":{"line":180,"column":21},"end":{"line":180,"column":35}},"99":{"start":{"line":181,"column":8},"end":{"line":181,"column":59}},"100":{"start":{"line":182,"column":8},"end":{"line":182,"column":99}},"101":{"start":{"line":184,"column":8},"end":{"line":184,"column":43}},"102":{"start":{"line":186,"column":6},"end":{"line":186,"column":12}},"103":{"start":{"line":189,"column":6},"end":{"line":192,"column":7}},"104":{"start":{"line":190,"column":8},"end":{"line":190,"column":74}},"105":{"start":{"line":191,"column":8},"end":{"line":191,"column":15}},"106":{"start":{"line":194,"column":23},"end":{"line":194,"column":51}},"107":{"start":{"line":195,"column":6},"end":{"line":216,"column":7}},"108":{"start":{"line":197,"column":21},"end":{"line":199,"column":9}},"109":{"start":{"line":198,"column":10},"end":{"line":198,"column":52}},"110":{"start":{"line":201,"column":8},"end":{"line":204,"column":9}},"111":{"start":{"line":202,"column":10},"end":{"line":202,"column":64}},"112":{"start":{"line":203,"column":10},"end":{"line":203,"column":17}},"113":{"start":{"line":207,"column":8},"end":{"line":213,"column":13}},"114":{"start":{"line":209,"column":12},"end":{"line":209,"column":47}},"115":{"start":{"line":212,"column":12},"end":{"line":212,"column":69}},"116":{"start":{"line":215,"column":8},"end":{"line":215,"column":57}},"117":{"start":{"line":217,"column":6},"end":{"line":217,"column":12}},"118":{"start":{"line":220,"column":6},"end":{"line":223,"column":7}},"119":{"start":{"line":221,"column":8},"end":{"line":221,"column":81}},"120":{"start":{"line":222,"column":8},"end":{"line":222,"column":15}},"121":{"start":{"line":225,"column":25},"end":{"line":227,"column":11}},"122":{"start":{"line":228,"column":23},"end":{"line":228,"column":51}},"123":{"start":{"line":230,"column":6},"end":{"line":251,"column":7}},"124":{"start":{"line":232,"column":25},"end":{"line":234,"column":9}},"125":{"start":{"line":233,"column":10},"end":{"line":233,"column":52}},"126":{"start":{"line":236,"column":8},"end":{"line":239,"column":9}},"127":{"start":{"line":237,"column":10},"end":{"line":237,"column":64}},"128":{"start":{"line":238,"column":10},"end":{"line":238,"column":17}},"129":{"start":{"line":242,"column":8},"end":{"line":248,"column":13}},"130":{"start":{"line":244,"column":12},"end":{"line":244,"column":89}},"131":{"start":{"line":247,"column":12},"end":{"line":247,"column":72}},"132":{"start":{"line":250,"column":8},"end":{"line":250,"column":55}},"133":{"start":{"line":252,"column":6},"end":{"line":252,"column":12}},"134":{"start":{"line":255,"column":6},"end":{"line":258,"column":7}},"135":{"start":{"line":256,"column":8},"end":{"line":256,"column":68}},"136":{"start":{"line":257,"column":8},"end":{"line":257,"column":15}},"137":{"start":{"line":260,"column":22},"end":{"line":260,"column":36}},"138":{"start":{"line":261,"column":6},"end":{"line":261,"column":24}},"139":{"start":{"line":262,"column":6},"end":{"line":262,"column":12}},"140":{"start":{"line":265,"column":29},"end":{"line":265,"column":50}},"141":{"start":{"line":266,"column":6},"end":{"line":269,"column":7}},"142":{"start":{"line":267,"column":8},"end":{"line":267,"column":43}},"143":{"start":{"line":268,"column":8},"end":{"line":268,"column":15}},"144":{"start":{"line":271,"column":6},"end":{"line":271,"column":32}},"145":{"start":{"line":272,"column":25},"end":{"line":272,"column":27}},"146":{"start":{"line":275,"column":6},"end":{"line":281,"column":9}},"147":{"start":{"line":276,"column":8},"end":{"line":280,"column":9}},"148":{"start":{"line":277,"column":10},"end":{"line":277,"column":46}},"149":{"start":{"line":279,"column":10},"end":{"line":279,"column":45}},"150":{"start":{"line":284,"column":6},"end":{"line":286,"column":9}},"151":{"start":{"line":285,"column":8},"end":{"line":285,"column":59}},"152":{"start":{"line":287,"column":6},"end":{"line":287,"column":12}},"153":{"start":{"line":290,"column":6},"end":{"line":290,"column":82}},"154":{"start":{"line":296,"column":2},"end":{"line":296,"column":41}},"155":{"start":{"line":297,"column":2},"end":{"line":297,"column":13}},"156":{"start":{"line":298,"column":2},"end":{"line":298,"column":17}},"157":{"start":{"line":301,"column":0},"end":{"line":301,"column":35}},"158":{"start":{"line":303,"column":0},"end":{"line":303,"column":34}},"159":{"start":{"line":306,"column":0},"end":{"line":306,"column":49}}},"fnMap":{"0":{"name":"(anonymous_0)","decl":{"start":{"line":21,"column":16},"end":{"line":21,"column":17}},"loc":{"start":{"line":21,"column":22},"end":{"line":28,"column":1}},"line":21},"1":{"name":"(anonymous_1)","decl":{"start":{"line":30,"column":15},"end":{"line":30,"column":16}},"loc":{"start":{"line":30,"column":38},"end":{"line":52,"column":1}},"line":30},"2":{"name":"(anonymous_2)","decl":{"start":{"line":54,"column":17},"end":{"line":54,"column":18}},"loc":{"start":{"line":54,"column":29},"end":{"line":56,"column":1}},"line":54},"3":{"name":"(anonymous_3)","decl":{"start":{"line":58,"column":16},"end":{"line":58,"column":17}},"loc":{"start":{"line":58,"column":25},"end":{"line":60,"column":1}},"line":58},"4":{"name":"(anonymous_4)","decl":{"start":{"line":63,"column":24},"end":{"line":63,"column":25}},"loc":{"start":{"line":63,"column":50},"end":{"line":67,"column":1}},"line":63},"5":{"name":"handleCommand","decl":{"start":{"line":70,"column":9},"end":{"line":70,"column":22}},"loc":{"start":{"line":70,"column":48},"end":{"line":292,"column":1}},"line":70},"6":{"name":"(anonymous_6)","decl":{"start":{"line":101,"column":17},"end":{"line":101,"column":18}},"loc":{"start":{"line":101,"column":23},"end":{"line":107,"column":7}},"line":101},"7":{"name":"(anonymous_7)","decl":{"start":{"line":120,"column":39},"end":{"line":120,"column":40}},"loc":{"start":{"line":120,"column":45},"end":{"line":130,"column":7}},"line":120},"8":{"name":"(anonymous_8)","decl":{"start":{"line":145,"column":17},"end":{"line":145,"column":18}},"loc":{"start":{"line":145,"column":23},"end":{"line":147,"column":7}},"line":145},"9":{"name":"(anonymous_9)","decl":{"start":{"line":157,"column":18},"end":{"line":157,"column":19}},"loc":{"start":{"line":157,"column":24},"end":{"line":159,"column":13}},"line":157},"10":{"name":"(anonymous_10)","decl":{"start":{"line":160,"column":19},"end":{"line":160,"column":20}},"loc":{"start":{"line":160,"column":28},"end":{"line":162,"column":13}},"line":160},"11":{"name":"(anonymous_11)","decl":{"start":{"line":173,"column":61},"end":{"line":173,"column":62}},"loc":{"start":{"line":174,"column":8},"end":{"line":176,"column":60}},"line":174},"12":{"name":"(anonymous_12)","decl":{"start":{"line":197,"column":48},"end":{"line":197,"column":49}},"loc":{"start":{"line":198,"column":10},"end":{"line":198,"column":52}},"line":198},"13":{"name":"(anonymous_13)","decl":{"start":{"line":208,"column":16},"end":{"line":208,"column":17}},"loc":{"start":{"line":208,"column":22},"end":{"line":210,"column":11}},"line":208},"14":{"name":"(anonymous_14)","decl":{"start":{"line":211,"column":17},"end":{"line":211,"column":18}},"loc":{"start":{"line":211,"column":24},"end":{"line":213,"column":11}},"line":211},"15":{"name":"(anonymous_15)","decl":{"start":{"line":232,"column":52},"end":{"line":232,"column":53}},"loc":{"start":{"line":233,"column":10},"end":{"line":233,"column":52}},"line":233},"16":{"name":"(anonymous_16)","decl":{"start":{"line":243,"column":16},"end":{"line":243,"column":17}},"loc":{"start":{"line":243,"column":22},"end":{"line":245,"column":11}},"line":243},"17":{"name":"(anonymous_17)","decl":{"start":{"line":246,"column":17},"end":{"line":246,"column":18}},"loc":{"start":{"line":246,"column":24},"end":{"line":248,"column":11}},"line":246},"18":{"name":"(anonymous_18)","decl":{"start":{"line":275,"column":29},"end":{"line":275,"column":30}},"loc":{"start":{"line":275,"column":37},"end":{"line":281,"column":7}},"line":275},"19":{"name":"(anonymous_19)","decl":{"start":{"line":284,"column":38},"end":{"line":284,"column":39}},"loc":{"start":{"line":284,"column":50},"end":{"line":286,"column":7}},"line":284},"20":{"name":"handleSIGINT","decl":{"start":{"line":295,"column":9},"end":{"line":295,"column":21}},"loc":{"start":{"line":295,"column":24},"end":{"line":299,"column":1}},"line":295}},"branchMap":{"0":{"loc":{"start":{"line":32,"column":2},"end":{"line":32,"column":40}},"type":"if","locations":[{"start":{"line":32,"column":2},"end":{"line":32,"column":40}},{"start":{},"end":{}}],"line":32},"1":{"loc":{"start":{"line":37,"column":2},"end":{"line":51,"column":3}},"type":"if","locations":[{"start":{"line":37,"column":2},"end":{"line":51,"column":3}},{"start":{"line":42,"column":9},"end":{"line":51,"column":3}}],"line":37},"2":{"loc":{"start":{"line":42,"column":9},"end":{"line":51,"column":3}},"type":"if","locations":[{"start":{"line":42,"column":9},"end":{"line":51,"column":3}},{"start":{},"end":{}}],"line":42},"3":{"loc":{"start":{"line":45,"column":4},"end":{"line":50,"column":5}},"type":"if","locations":[{"start":{"line":45,"column":4},"end":{"line":50,"column":5}},{"start":{},"end":{}}],"line":45},"4":{"loc":{"start":{"line":64,"column":2},"end":{"line":66,"column":3}},"type":"if","locations":[{"start":{"line":64,"column":2},"end":{"line":66,"column":3}},{"start":{},"end":{}}],"line":64},"5":{"loc":{"start":{"line":71,"column":2},"end":{"line":291,"column":3}},"type":"switch","locations":[{"start":{"line":72,"column":4},"end":{"line":85,"column":12}},{"start":{"line":87,"column":4},"end":{"line":108,"column":12}},{"start":{"line":110,"column":4},"end":{"line":131,"column":12}},{"start":{"line":133,"column":4},"end":{"line":141,"column":12}},{"start":{"line":143,"column":4},"end":{"line":148,"column":12}},{"start":{"line":150,"column":4},"end":{"line":169,"column":12}},{"start":{"line":171,"column":4},"end":{"line":186,"column":12}},{"start":{"line":188,"column":4},"end":{"line":217,"column":12}},{"start":{"line":219,"column":4},"end":{"line":252,"column":12}},{"start":{"line":254,"column":4},"end":{"line":262,"column":12}},{"start":{"line":264,"column":4},"end":{"line":287,"column":12}},{"start":{"line":289,"column":4},"end":{"line":290,"column":82}}],"line":71},"6":{"loc":{"start":{"line":89,"column":6},"end":{"line":92,"column":7}},"type":"if","locations":[{"start":{"line":89,"column":6},"end":{"line":92,"column":7}},{"start":{},"end":{}}],"line":89},"7":{"loc":{"start":{"line":89,"column":10},"end":{"line":89,"column":35}},"type":"binary-expr","locations":[{"start":{"line":89,"column":10},"end":{"line":89,"column":17}},{"start":{"line":89,"column":21},"end":{"line":89,"column":35}}],"line":89},"8":{"loc":{"start":{"line":104,"column":8},"end":{"line":106,"column":9}},"type":"if","locations":[{"start":{"line":104,"column":8},"end":{"line":106,"column":9}},{"start":{},"end":{}}],"line":104},"9":{"loc":{"start":{"line":112,"column":6},"end":{"line":115,"column":7}},"type":"if","locations":[{"start":{"line":112,"column":6},"end":{"line":115,"column":7}},{"start":{},"end":{}}],"line":112},"10":{"loc":{"start":{"line":112,"column":10},"end":{"line":112,"column":47}},"type":"binary-expr","locations":[{"start":{"line":112,"column":10},"end":{"line":112,"column":23}},{"start":{"line":112,"column":27},"end":{"line":112,"column":47}}],"line":112},"11":{"loc":{"start":{"line":122,"column":8},"end":{"line":126,"column":9}},"type":"if","locations":[{"start":{"line":122,"column":8},"end":{"line":126,"column":9}},{"start":{},"end":{}}],"line":122},"12":{"loc":{"start":{"line":122,"column":12},"end":{"line":122,"column":37}},"type":"binary-expr","locations":[{"start":{"line":122,"column":12},"end":{"line":122,"column":19}},{"start":{"line":122,"column":23},"end":{"line":122,"column":37}}],"line":122},"13":{"loc":{"start":{"line":134,"column":6},"end":{"line":140,"column":7}},"type":"if","locations":[{"start":{"line":134,"column":6},"end":{"line":140,"column":7}},{"start":{"line":138,"column":13},"end":{"line":140,"column":7}}],"line":134},"14":{"loc":{"start":{"line":153,"column":6},"end":{"line":168,"column":7}},"type":"if","locations":[{"start":{"line":153,"column":6},"end":{"line":168,"column":7}},{"start":{"line":166,"column":13},"end":{"line":168,"column":7}}],"line":153},"15":{"loc":{"start":{"line":153,"column":10},"end":{"line":153,"column":49}},"type":"binary-expr","locations":[{"start":{"line":153,"column":10},"end":{"line":153,"column":20}},{"start":{"line":153,"column":24},"end":{"line":153,"column":49}}],"line":153},"16":{"loc":{"start":{"line":174,"column":8},"end":{"line":176,"column":60}},"type":"binary-expr","locations":[{"start":{"line":174,"column":8},"end":{"line":174,"column":32}},{"start":{"line":175,"column":8},"end":{"line":175,"column":36}},{"start":{"line":176,"column":8},"end":{"line":176,"column":60}}],"line":174},"17":{"loc":{"start":{"line":179,"column":6},"end":{"line":185,"column":7}},"type":"if","locations":[{"start":{"line":179,"column":6},"end":{"line":185,"column":7}},{"start":{"line":183,"column":13},"end":{"line":185,"column":7}}],"line":179},"18":{"loc":{"start":{"line":189,"column":6},"end":{"line":192,"column":7}},"type":"if","locations":[{"start":{"line":189,"column":6},"end":{"line":192,"column":7}},{"start":{},"end":{}}],"line":189},"19":{"loc":{"start":{"line":201,"column":8},"end":{"line":204,"column":9}},"type":"if","locations":[{"start":{"line":201,"column":8},"end":{"line":204,"column":9}},{"start":{},"end":{}}],"line":201},"20":{"loc":{"start":{"line":220,"column":6},"end":{"line":223,"column":7}},"type":"if","locations":[{"start":{"line":220,"column":6},"end":{"line":223,"column":7}},{"start":{},"end":{}}],"line":220},"21":{"loc":{"start":{"line":225,"column":25},"end":{"line":227,"column":11}},"type":"cond-expr","locations":[{"start":{"line":226,"column":10},"end":{"line":226,"column":30}},{"start":{"line":227,"column":10},"end":{"line":227,"column":11}}],"line":225},"22":{"loc":{"start":{"line":225,"column":25},"end":{"line":225,"column":73}},"type":"binary-expr","locations":[{"start":{"line":225,"column":25},"end":{"line":225,"column":40}},{"start":{"line":225,"column":44},"end":{"line":225,"column":73}}],"line":225},"23":{"loc":{"start":{"line":236,"column":8},"end":{"line":239,"column":9}},"type":"if","locations":[{"start":{"line":236,"column":8},"end":{"line":239,"column":9}},{"start":{},"end":{}}],"line":236},"24":{"loc":{"start":{"line":255,"column":6},"end":{"line":258,"column":7}},"type":"if","locations":[{"start":{"line":255,"column":6},"end":{"line":258,"column":7}},{"start":{},"end":{}}],"line":255},"25":{"loc":{"start":{"line":266,"column":6},"end":{"line":269,"column":7}},"type":"if","locations":[{"start":{"line":266,"column":6},"end":{"line":269,"column":7}},{"start":{},"end":{}}],"line":266},"26":{"loc":{"start":{"line":276,"column":8},"end":{"line":280,"column":9}},"type":"if","locations":[{"start":{"line":276,"column":8},"end":{"line":280,"column":9}},{"start":{"line":278,"column":15},"end":{"line":280,"column":9}}],"line":276}},"s":{"0":1,"1":1,"2":1,"3":1,"4":1,"5":1,"6":1,"7":1,"8":0,"9":0,"10":0,"11":0,"12":1,"13":0,"14":0,"15":0,"16":0,"17":0,"18":0,"19":0,"20":0,"21":0,"22":0,"23":0,"24":0,"25":0,"26":1,"27":0,"28":1,"29":0,"30":1,"31":0,"32":0,"33":24,"34":1,"35":1,"36":1,"37":1,"38":1,"39":1,"40":1,"41":1,"42":1,"43":1,"44":1,"45":1,"46":1,"47":2,"48":2,"49":1,"50":1,"51":1,"52":1,"53":1,"54":1,"55":1,"56":1,"57":1,"58":1,"59":1,"60":3,"61":3,"62":1,"63":1,"64":2,"65":2,"66":0,"67":0,"68":0,"69":0,"70":0,"71":0,"72":0,"73":2,"74":2,"75":1,"76":1,"77":1,"78":1,"79":2,"80":1,"81":1,"82":1,"83":1,"84":2,"85":2,"86":1,"87":1,"88":1,"89":1,"90":0,"91":0,"92":1,"93":2,"94":2,"95":2,"96":1,"97":2,"98":1,"99":1,"100":1,"101":1,"102":2,"103":3,"104":1,"105":1,"106":2,"107":2,"108":2,"109":1,"110":2,"111":1,"112":1,"113":1,"114":1,"115":0,"116":0,"117":1,"118":3,"119":1,"120":1,"121":2,"122":2,"123":2,"124":2,"125":1,"126":2,"127":1,"128":1,"129":1,"130":1,"131":0,"132":0,"133":1,"134":2,"135":1,"136":1,"137":1,"138":1,"139":1,"140":2,"141":2,"142":1,"143":1,"144":1,"145":1,"146":1,"147":3,"148":1,"149":2,"150":1,"151":2,"152":1,"153":1,"154":0,"155":0,"156":0,"157":1,"158":1,"159":1},"f":{"0":0,"1":0,"2":0,"3":0,"4":0,"5":24,"6":1,"7":0,"8":1,"9":1,"10":0,"11":1,"12":1,"13":1,"14":0,"15":1,"16":1,"17":0,"18":3,"19":2,"20":0},"b":{"0":[0,0],"1":[0,0],"2":[0,0],"3":[0,0],"4":[0,0],"5":[1,2,3,2,1,2,2,3,3,2,2,1],"6":[1,1],"7":[2,1],"8":[1,0],"9":[1,2],"10":[3,2],"11":[0,0],"12":[0,0],"13":[1,1],"14":[1,1],"15":[2,1],"16":[1,1,1],"17":[1,1],"18":[1,2],"19":[1,1],"20":[1,2],"21":[1,1],"22":[2,1],"23":[1,1],"24":[1,1],"25":[1,1],"26":[1,2]},"_coverageSchema":"1a1c01bbd47fc00a2c39e90264f33305004495a9","hash":"dfc15a37f36efb5657064dfcf4104acc55356731"}
}
