TN:
SF:index.js
FN:21,(anonymous_0)
FN:30,(anonymous_1)
FN:54,(anonymous_2)
FN:58,(anonymous_3)
FN:63,(anonymous_4)
FN:70,handleCommand
FN:101,(anonymous_6)
FN:120,(anonymous_7)
FN:145,(anonymous_8)
FN:157,(anonymous_9)
FN:160,(anonymous_10)
FN:173,(anonymous_11)
FN:197,(anonymous_12)
FN:208,(anonymous_13)
FN:211,(anonymous_14)
FN:232,(anonymous_15)
FN:243,(anonymous_16)
FN:246,(anonymous_17)
FN:275,(anonymous_18)
FN:284,(anonymous_19)
FN:295,handleSIGINT
FNF:21
FNH:11
FNDA:0,(anonymous_0)
FNDA:0,(anonymous_1)
FNDA:0,(anonymous_2)
FNDA:0,(anonymous_3)
FNDA:0,(anonymous_4)
FNDA:24,handleCommand
FNDA:1,(anonymous_6)
FNDA:0,(anonymous_7)
FNDA:1,(anonymous_8)
FNDA:1,(anonymous_9)
FNDA:0,(anonymous_10)
FNDA:1,(anonymous_11)
FNDA:1,(anonymous_12)
FNDA:1,(anonymous_13)
FNDA:0,(anonymous_14)
FNDA:1,(anonymous_15)
FNDA:1,(anonymous_16)
FNDA:0,(anonymous_17)
FNDA:3,(anonymous_18)
FNDA:2,(anonymous_19)
FNDA:0,handleSIGINT
DA:1,1
DA:2,1
DA:3,1
DA:4,1
DA:7,1
DA:15,1
DA:18,1
DA:21,1
DA:22,0
DA:23,0
DA:26,0
DA:27,0
DA:30,1
DA:32,0
DA:34,0
DA:37,0
DA:38,0
DA:39,0
DA:41,0
DA:42,0
DA:44,0
DA:45,0
DA:46,0
DA:47,0
DA:49,0
DA:54,1
DA:55,0
DA:58,1
DA:59,0
DA:63,1
DA:64,0
DA:65,0
DA:71,24
DA:73,1
DA:74,1
DA:75,1
DA:76,1
DA:77,1
DA:78,1
DA:79,1
DA:80,1
DA:81,1
DA:82,1
DA:83,1
DA:84,1
DA:85,1
DA:88,2
DA:89,2
DA:90,1
DA:91,1
DA:94,1
DA:95,1
DA:98,1
DA:101,1
DA:102,1
DA:103,1
DA:104,1
DA:105,1
DA:108,1
DA:111,3
DA:112,3
DA:113,1
DA:114,1
DA:117,2
DA:120,2
DA:121,0
DA:122,0
DA:123,0
DA:124,0
DA:125,0
DA:128,0
DA:129,0
DA:131,2
DA:134,2
DA:135,1
DA:136,1
DA:137,1
DA:139,1
DA:141,2
DA:144,1
DA:145,1
DA:146,1
DA:148,1
DA:152,2
DA:153,2
DA:154,1
DA:155,1
DA:156,1
DA:158,1
DA:161,0
DA:164,0
DA:167,1
DA:169,2
DA:172,2
DA:173,2
DA:174,1
DA:179,2
DA:180,1
DA:181,1
DA:182,1
DA:184,1
DA:186,2
DA:189,3
DA:190,1
DA:191,1
DA:194,2
DA:195,2
DA:197,2
DA:198,1
DA:201,2
DA:202,1
DA:203,1
DA:207,1
DA:209,1
DA:212,0
DA:215,0
DA:217,1
DA:220,3
DA:221,1
DA:222,1
DA:225,2
DA:228,2
DA:230,2
DA:232,2
DA:233,1
DA:236,2
DA:237,1
DA:238,1
DA:242,1
DA:244,1
DA:247,0
DA:250,0
DA:252,1
DA:255,2
DA:256,1
DA:257,1
DA:260,1
DA:261,1
DA:262,1
DA:265,2
DA:266,2
DA:267,1
DA:268,1
DA:271,1
DA:272,1
DA:275,1
DA:276,3
DA:277,1
DA:279,2
DA:284,1
DA:285,2
DA:287,1
DA:290,1
DA:296,0
DA:297,0
DA:298,0
DA:301,1
DA:303,1
DA:306,1
LF:159
LH:123
BRDA:32,0,0,0
BRDA:32,0,1,0
BRDA:37,1,0,0
BRDA:37,1,1,0
BRDA:42,2,0,0
BRDA:42,2,1,0
BRDA:45,3,0,0
BRDA:45,3,1,0
BRDA:64,4,0,0
BRDA:64,4,1,0
BRDA:71,5,0,1
BRDA:71,5,1,2
BRDA:71,5,2,3
BRDA:71,5,3,2
BRDA:71,5,4,1
BRDA:71,5,5,2
BRDA:71,5,6,2
BRDA:71,5,7,3
BRDA:71,5,8,3
BRDA:71,5,9,2
BRDA:71,5,10,2
BRDA:71,5,11,1
BRDA:89,6,0,1
BRDA:89,6,1,1
BRDA:89,7,0,2
BRDA:89,7,1,1
BRDA:104,8,0,1
BRDA:104,8,1,0
BRDA:112,9,0,1
BRDA:112,9,1,2
BRDA:112,10,0,3
BRDA:112,10,1,2
BRDA:122,11,0,0
BRDA:122,11,1,0
BRDA:122,12,0,0
BRDA:122,12,1,0
BRDA:134,13,0,1
BRDA:134,13,1,1
BRDA:153,14,0,1
BRDA:153,14,1,1
BRDA:153,15,0,2
BRDA:153,15,1,1
BRDA:174,16,0,1
BRDA:174,16,1,1
BRDA:174,16,2,1
BRDA:179,17,0,1
BRDA:179,17,1,1
BRDA:189,18,0,1
BRDA:189,18,1,2
BRDA:201,19,0,1
BRDA:201,19,1,1
BRDA:220,20,0,1
BRDA:220,20,1,2
BRDA:225,21,0,1
BRDA:225,21,1,1
BRDA:225,22,0,2
BRDA:225,22,1,1
BRDA:236,23,0,1
BRDA:236,23,1,1
BRDA:255,24,0,1
BRDA:255,24,1,1
BRDA:266,25,0,1
BRDA:266,25,1,1
BRDA:276,26,0,1
BRDA:276,26,1,2
BRF:65
BRH:50
end_of_record
